  [1m[36mSQL (4.0ms)[0m  [1mSHOW TABLES[0m
  [1m[35mSQL (94.1ms)[0m  CREATE TABLE `schema_migrations` (`version` varchar(255) NOT NULL) ENGINE=InnoDB
  [1m[36mSQL (4.2ms)[0m  [1mSHOW KEYS FROM `schema_migrations`[0m
  [1m[35mSQL (118.7ms)[0m  CREATE UNIQUE INDEX `unique_schema_migrations` ON `schema_migrations` (`version`)
  [1m[36mSQL (35.0ms)[0m  [1mSHOW TABLES[0m
  [1m[35mSQL (10.6ms)[0m  SHOW TABLES
  [1m[36mSQL (11.2ms)[0m  [1mSELECT `schema_migrations`.`version` FROM `schema_migrations`[0m
Migrating to CreateApplicants (20110311083742)
  [1m[35mSQL (19.9ms)[0m  CREATE TABLE `applicants` (`id` int(11) DEFAULT NULL auto_increment PRIMARY KEY, `name` varchar(255), `dob` date, `address` varchar(255), `photo` varchar(255), `qualification` varchar(255), `experience` int(11), `phone` int(11), `email` varchar(255), `created_at` datetime, `updated_at` datetime) ENGINE=InnoDB
  [1m[36mSQL (34.5ms)[0m  [1mINSERT INTO `schema_migrations` (`version`) VALUES ('20110311083742')[0m
Migrating to CreateMandates (20110311083842)
  [1m[35mSQL (15.6ms)[0m  CREATE TABLE `mandates` (`id` int(11) DEFAULT NULL auto_increment PRIMARY KEY, `name` varchar(255), `company_name` varchar(255), `description` text, `created_at` datetime, `updated_at` datetime) ENGINE=InnoDB
  [1m[36mSQL (12.9ms)[0m  [1mINSERT INTO `schema_migrations` (`version`) VALUES ('20110311083842')[0m
  [1m[35mSQL (11.9ms)[0m  SHOW TABLES
  [1m[36mSQL (5.2ms)[0m  [1mSELECT `schema_migrations`.`version` FROM `schema_migrations`[0m
  [1m[35mSQL (1.6ms)[0m  SHOW TABLES
  [1m[36mSQL (7.4ms)[0m  [1mdescribe `applicants`[0m
  [1m[35mSQL (3.2ms)[0m  SHOW KEYS FROM `applicants`
  [1m[36mSQL (13.7ms)[0m  [1mdescribe `mandates`[0m
  [1m[35mSQL (1.4ms)[0m  SHOW KEYS FROM `mandates`


Started GET "/applicants" for 127.0.0.1 at Fri Mar 11 14:16:52 +0530 2011
  Processing by ApplicantsController#index as HTML
  [1m[36mApplicant Load (242.0ms)[0m  [1mSELECT `applicants`.* FROM `applicants`[0m
Rendered applicants/index.html.erb within layouts/application (68.0ms)
Completed 200 OK in 719ms (Views: 138.7ms | ActiveRecord: 242.0ms)


Started GET "/applicants/new" for 127.0.0.1 at Fri Mar 11 14:17:05 +0530 2011
  Processing by ApplicantsController#new as HTML
Rendered applicants/_form.html.erb (471.9ms)
Rendered applicants/new.html.erb within layouts/application (553.8ms)
Completed 200 OK in 1301ms (Views: 1198.4ms | ActiveRecord: 0.0ms)


Started GET "/mandates" for 127.0.0.1 at Fri Mar 11 14:17:35 +0530 2011
  Processing by MandatesController#index as HTML
  [1m[35mMandate Load (3.5ms)[0m  SELECT `mandates`.* FROM `mandates`
Rendered mandates/index.html.erb within layouts/application (36.7ms)
Completed 200 OK in 163ms (Views: 76.2ms | ActiveRecord: 3.5ms)


Started GET "/mandates/new" for 127.0.0.1 at Fri Mar 11 14:17:43 +0530 2011
  Processing by MandatesController#new as HTML
Rendered mandates/_form.html.erb (186.2ms)
Rendered mandates/new.html.erb within layouts/application (268.4ms)
Completed 200 OK in 385ms (Views: 330.5ms | ActiveRecord: 0.0ms)
  [1m[36mSQL (25.5ms)[0m  [1mSHOW TABLES[0m
  [1m[35mSQL (1.7ms)[0m  SHOW TABLES
  [1m[36mSQL (0.6ms)[0m  [1mSELECT `schema_migrations`.`version` FROM `schema_migrations`[0m
Migrating to CreateApplicants (20110311083742)
Migrating to CreateMandates (20110311083842)
Migrating to CreateInterviews (20110311085336)
  [1m[35mSQL (102.0ms)[0m  CREATE TABLE `interviews` (`id` int(11) DEFAULT NULL auto_increment PRIMARY KEY, `applicant_id` int(11), `mandate_id` int(11), `date_of_conducting` date, `description` varchar(255), `created_at` datetime, `updated_at` datetime) ENGINE=InnoDB
  [1m[36mSQL (21.0ms)[0m  [1mINSERT INTO `schema_migrations` (`version`) VALUES ('20110311085336')[0m
  [1m[35mSQL (1.8ms)[0m  SHOW TABLES
  [1m[36mSQL (1.2ms)[0m  [1mSELECT `schema_migrations`.`version` FROM `schema_migrations`[0m
  [1m[35mSQL (1.6ms)[0m  SHOW TABLES
  [1m[36mSQL (5.0ms)[0m  [1mdescribe `applicants`[0m
  [1m[35mSQL (2.2ms)[0m  SHOW KEYS FROM `applicants`
  [1m[36mSQL (10.9ms)[0m  [1mdescribe `interviews`[0m
  [1m[35mSQL (1.5ms)[0m  SHOW KEYS FROM `interviews`
  [1m[36mSQL (13.3ms)[0m  [1mdescribe `mandates`[0m
  [1m[35mSQL (5.8ms)[0m  SHOW KEYS FROM `mandates`


Started GET "/interviews" for 127.0.0.1 at Fri Mar 11 14:24:18 +0530 2011
  Processing by InterviewsController#index as HTML
  [1m[36mInterview Load (2.1ms)[0m  [1mSELECT `interviews`.* FROM `interviews`[0m
Rendered interviews/index.html.erb within layouts/application (46.0ms)
Completed 200 OK in 121ms (Views: 69.9ms | ActiveRecord: 2.1ms)


Started GET "/interviews/new" for 127.0.0.1 at Fri Mar 11 14:24:23 +0530 2011
  Processing by InterviewsController#new as HTML
Rendered interviews/_form.html.erb (158.3ms)
Rendered interviews/new.html.erb within layouts/application (218.5ms)
Completed 200 OK in 305ms (Views: 250.3ms | ActiveRecord: 0.0ms)
  [1m[36mSQL (1.8ms)[0m  [1mSHOW TABLES[0m
  [1m[35mSQL (1.6ms)[0m  SHOW TABLES
  [1m[36mSQL (0.6ms)[0m  [1mSELECT `schema_migrations`.`version` FROM `schema_migrations`[0m
  [1m[35mSQL (2.3ms)[0m  SHOW TABLES
  [1m[36mSQL (0.7ms)[0m  [1mSELECT `schema_migrations`.`version` FROM `schema_migrations`[0m
Migrating to CreateInterviews (20110311085336)
  [1m[35mSQL (295.2ms)[0m  DROP TABLE `interviews`
  [1m[36mAREL (106.1ms)[0m  [1mDELETE FROM `schema_migrations` WHERE `schema_migrations`.`version` = '20110311085336'[0m
  [1m[35mSQL (4.1ms)[0m  SHOW TABLES
  [1m[36mSQL (1.2ms)[0m  [1mSELECT `schema_migrations`.`version` FROM `schema_migrations`[0m
  [1m[35mSQL (1.6ms)[0m  SHOW TABLES
  [1m[36mSQL (6.0ms)[0m  [1mdescribe `applicants`[0m
  [1m[35mSQL (1.4ms)[0m  SHOW KEYS FROM `applicants`
  [1m[36mSQL (4.7ms)[0m  [1mdescribe `mandates`[0m
  [1m[35mSQL (1.8ms)[0m  SHOW KEYS FROM `mandates`
  [1m[36mSQL (1.6ms)[0m  [1mSHOW TABLES[0m
  [1m[35mSQL (4.1ms)[0m  SHOW TABLES
  [1m[36mSQL (1.4ms)[0m  [1mSELECT `schema_migrations`.`version` FROM `schema_migrations`[0m
Migrating to CreateApplicants (20110311083742)
Migrating to CreateMandates (20110311083842)
Migrating to CreateInterviews (20110311095717)
  [1m[35mSQL (56.6ms)[0m  CREATE TABLE `interviews` (`id` int(11) DEFAULT NULL auto_increment PRIMARY KEY, `applicant` varchar(255), `mandate` varchar(255), `date_of_conducting` date, `description` varchar(255), `created_at` datetime, `updated_at` datetime) ENGINE=InnoDB
  [1m[36mSQL (4.1ms)[0m  [1mINSERT INTO `schema_migrations` (`version`) VALUES ('20110311095717')[0m
  [1m[35mSQL (1.6ms)[0m  SHOW TABLES
  [1m[36mSQL (1.1ms)[0m  [1mSELECT `schema_migrations`.`version` FROM `schema_migrations`[0m
  [1m[35mSQL (1.6ms)[0m  SHOW TABLES
  [1m[36mSQL (8.2ms)[0m  [1mdescribe `applicants`[0m
  [1m[35mSQL (1.7ms)[0m  SHOW KEYS FROM `applicants`
  [1m[36mSQL (4.8ms)[0m  [1mdescribe `interviews`[0m
  [1m[35mSQL (1.8ms)[0m  SHOW KEYS FROM `interviews`
  [1m[36mSQL (5.5ms)[0m  [1mdescribe `mandates`[0m
  [1m[35mSQL (1.4ms)[0m  SHOW KEYS FROM `mandates`


Started GET "/interviews/new" for 127.0.0.1 at Fri Mar 11 15:45:43 +0530 2011
  Processing by InterviewsController#new as HTML
Rendered interviews/_form.html.erb (116.5ms)
Rendered interviews/new.html.erb within layouts/application (125.2ms)
Completed   in 210ms

ActionView::Template::Error (undefined method `all' for :Applicant:Symbol):
    13: 
    14:   <div class="field">
    15:     <%= f.label :applicant %><br />
    16:     <%= f.collection_select :applicant_id, :Applicant.all, :id, :name %>
    17:   </div>
    18:   <div class="field">
    19:     <%= f.label :mandate %><br />
  app/views/interviews/_form.html.erb:16:in `_app_views_interviews__form_html_erb___1024309582__617901938_438336'
  app/views/interviews/_form.html.erb:1:in `_app_views_interviews__form_html_erb___1024309582__617901938_438336'
  app/views/interviews/new.html.erb:3:in `_app_views_interviews_new_html_erb__118271368__617895098_0'
  app/controllers/interviews_controller.rb:29:in `new'

Rendered /usr/lib/ruby/gems/1.8/gems/actionpack-3.0.5/lib/action_dispatch/middleware/templates/rescues/_trace.erb (19.2ms)
Rendered /usr/lib/ruby/gems/1.8/gems/actionpack-3.0.5/lib/action_dispatch/middleware/templates/rescues/_request_and_response.erb (37.0ms)
Rendered /usr/lib/ruby/gems/1.8/gems/actionpack-3.0.5/lib/action_dispatch/middleware/templates/rescues/template_error.erb within rescues/layout (83.9ms)
  [1m[36mSQL (3.1ms)[0m  [1mSHOW TABLES[0m
  [1m[35mSQL (1.8ms)[0m  SHOW TABLES
  [1m[36mSQL (0.6ms)[0m  [1mSELECT `schema_migrations`.`version` FROM `schema_migrations`[0m
  [1m[35mSQL (1.8ms)[0m  SHOW TABLES
  [1m[36mSQL (2.5ms)[0m  [1mSELECT `schema_migrations`.`version` FROM `schema_migrations`[0m
Migrating to CreateInterviews (20110311095717)
  [1m[35mSQL (55.7ms)[0m  DROP TABLE `interviews`
  [1m[36mAREL (4.0ms)[0m  [1mDELETE FROM `schema_migrations` WHERE `schema_migrations`.`version` = '20110311095717'[0m
  [1m[35mSQL (5.0ms)[0m  SHOW TABLES
  [1m[36mSQL (2.0ms)[0m  [1mSELECT `schema_migrations`.`version` FROM `schema_migrations`[0m
  [1m[35mSQL (1.6ms)[0m  SHOW TABLES
  [1m[36mSQL (6.9ms)[0m  [1mdescribe `applicants`[0m
  [1m[35mSQL (2.1ms)[0m  SHOW KEYS FROM `applicants`
  [1m[36mSQL (6.4ms)[0m  [1mdescribe `mandates`[0m
  [1m[35mSQL (3.9ms)[0m  SHOW KEYS FROM `mandates`
  [1m[36mSQL (2.5ms)[0m  [1mSHOW TABLES[0m
  [1m[35mSQL (1.5ms)[0m  SHOW TABLES
  [1m[36mSQL (0.6ms)[0m  [1mSELECT `schema_migrations`.`version` FROM `schema_migrations`[0m
Migrating to CreateApplicants (20110311083742)
Migrating to CreateMandates (20110311083842)
Migrating to CreateInterviews (20110311101955)
  [1m[35mSQL (9.5ms)[0m  CREATE TABLE `interviews` (`id` int(11) DEFAULT NULL auto_increment PRIMARY KEY, `applicant_id` int(11), `mandate_id` int(11), `date_of_conducting` date, `description` varchar(255), `created_at` datetime, `updated_at` datetime) ENGINE=InnoDB
  [1m[36mSQL (20.0ms)[0m  [1mINSERT INTO `schema_migrations` (`version`) VALUES ('20110311101955')[0m
  [1m[35mSQL (3.4ms)[0m  SHOW TABLES
  [1m[36mSQL (1.8ms)[0m  [1mSELECT `schema_migrations`.`version` FROM `schema_migrations`[0m
  [1m[35mSQL (1.7ms)[0m  SHOW TABLES
  [1m[36mSQL (5.7ms)[0m  [1mdescribe `applicants`[0m
  [1m[35mSQL (5.4ms)[0m  SHOW KEYS FROM `applicants`
  [1m[36mSQL (4.7ms)[0m  [1mdescribe `interviews`[0m
  [1m[35mSQL (3.9ms)[0m  SHOW KEYS FROM `interviews`
  [1m[36mSQL (5.0ms)[0m  [1mdescribe `mandates`[0m
  [1m[35mSQL (1.3ms)[0m  SHOW KEYS FROM `mandates`


Started GET "/interviews/new" for 127.0.0.1 at Fri Mar 11 15:51:23 +0530 2011
  Processing by InterviewsController#new as HTML
Rendered interviews/_form.html.erb (129.3ms)
Rendered interviews/new.html.erb within layouts/application (144.6ms)
Completed   in 947ms

ActionView::Template::Error (undefined method `all' for :Applicant:Symbol):
    13: 
    14:   <div class="field">
    15:     <%= f.label :applicant %><br />
    16:     <%= f.collection_select :applicant_id, :Applicant.all, :id, :name  %>
    17:   </div>
    18:   <div class="field">
    19:     <%= f.label :mandate %><br />
  app/views/interviews/_form.html.erb:16:in `_app_views_interviews__form_html_erb___1024309582__616940148_438336'
  app/views/interviews/_form.html.erb:1:in `_app_views_interviews__form_html_erb___1024309582__616940148_438336'
  app/views/interviews/new.html.erb:3:in `_app_views_interviews_new_html_erb__118271368__618322118_0'
  app/controllers/interviews_controller.rb:29:in `new'

Rendered /usr/lib/ruby/gems/1.8/gems/actionpack-3.0.5/lib/action_dispatch/middleware/templates/rescues/_trace.erb (9.3ms)
Rendered /usr/lib/ruby/gems/1.8/gems/actionpack-3.0.5/lib/action_dispatch/middleware/templates/rescues/_request_and_response.erb (46.5ms)
Rendered /usr/lib/ruby/gems/1.8/gems/actionpack-3.0.5/lib/action_dispatch/middleware/templates/rescues/template_error.erb within rescues/layout (100.6ms)


Started GET "/interviews" for 127.0.0.1 at Fri Mar 11 15:51:50 +0530 2011
  Processing by InterviewsController#index as HTML
  [1m[35mInterview Load (3.8ms)[0m  SELECT `interviews`.* FROM `interviews`
Rendered interviews/index.html.erb within layouts/application (36.2ms)
Completed 200 OK in 157ms (Views: 66.2ms | ActiveRecord: 3.8ms)


Started GET "/interviews/new" for 127.0.0.1 at Fri Mar 11 15:51:57 +0530 2011
  Processing by InterviewsController#new as HTML
Rendered interviews/_form.html.erb (83.4ms)
Rendered interviews/new.html.erb within layouts/application (105.3ms)
Completed   in 206ms

ActionView::Template::Error (undefined method `all' for :Applicant:Symbol):
    13: 
    14:   <div class="field">
    15:     <%= f.label :applicant %><br />
    16:     <%= f.collection_select :applicant_id, :Applicant.all, :id, :name  %>
    17:   </div>
    18:   <div class="field">
    19:     <%= f.label :mandate %><br />
  app/views/interviews/_form.html.erb:16:in `_app_views_interviews__form_html_erb___1024309582__617948308_438336'
  app/views/interviews/_form.html.erb:1:in `_app_views_interviews__form_html_erb___1024309582__617948308_438336'
  app/views/interviews/new.html.erb:3:in `_app_views_interviews_new_html_erb__118271368__617940058_0'
  app/controllers/interviews_controller.rb:29:in `new'

Rendered /usr/lib/ruby/gems/1.8/gems/actionpack-3.0.5/lib/action_dispatch/middleware/templates/rescues/_trace.erb (10.5ms)
Rendered /usr/lib/ruby/gems/1.8/gems/actionpack-3.0.5/lib/action_dispatch/middleware/templates/rescues/_request_and_response.erb (34.4ms)
Rendered /usr/lib/ruby/gems/1.8/gems/actionpack-3.0.5/lib/action_dispatch/middleware/templates/rescues/template_error.erb within rescues/layout (369.6ms)


Started GET "/interviews/new" for 127.0.0.1 at Fri Mar 11 15:53:55 +0530 2011
  Processing by InterviewsController#new as HTML
Rendered interviews/_form.html.erb (85.9ms)
Rendered interviews/new.html.erb within layouts/application (104.2ms)
Completed   in 215ms

ActionView::Template::Error (undefined method `all' for :Applicant:Symbol):
    13: 
    14:   <div class="field">
    15:     <%= f.label :applicant %><br />
    16:     <%= f.collection_select :applicant_id, :Applicant.all, :id, :name  %>
    17:   </div>
    18:   <div class="field">
    19:     <%= f.label :mandate %><br />
  app/views/interviews/_form.html.erb:16:in `_app_views_interviews__form_html_erb___1024309582__617189398_438336'
  app/views/interviews/_form.html.erb:1:in `_app_views_interviews__form_html_erb___1024309582__617189398_438336'
  app/views/interviews/new.html.erb:3:in `_app_views_interviews_new_html_erb__118271368__617184408_0'
  app/controllers/interviews_controller.rb:29:in `new'

Rendered /usr/lib/ruby/gems/1.8/gems/actionpack-3.0.5/lib/action_dispatch/middleware/templates/rescues/_trace.erb (12.4ms)
Rendered /usr/lib/ruby/gems/1.8/gems/actionpack-3.0.5/lib/action_dispatch/middleware/templates/rescues/_request_and_response.erb (51.0ms)
Rendered /usr/lib/ruby/gems/1.8/gems/actionpack-3.0.5/lib/action_dispatch/middleware/templates/rescues/template_error.erb within rescues/layout (97.6ms)


Started GET "/interviews/new" for 127.0.0.1 at Fri Mar 11 15:56:48 +0530 2011
  Processing by InterviewsController#new as HTML
  [1m[36mApplicant Load (0.6ms)[0m  [1mSELECT `applicants`.* FROM `applicants`[0m
  [1m[35mSQL (1.8ms)[0m  SHOW TABLES
Rendered interviews/_form.html.erb (801.7ms)
Rendered interviews/new.html.erb within layouts/application (838.6ms)
Completed   in 966ms

ActionView::Template::Error (undefined method `al' for #<Class:0xb64f4dd4>):
    17:   </div>
    18:   <div class="field">
    19:     <%= f.label :mandate %><br />
    20:     <%= f.collection_select :mandate_id, Mandate.al, :id, :name %>
    21:   </div>
    22:   <div class="field">
    23:     <%= f.label :date_of_conducting %><br />
  app/views/interviews/_form.html.erb:20:in `_app_views_interviews__form_html_erb___1024309582__617820468_438336'
  app/views/interviews/_form.html.erb:1:in `_app_views_interviews__form_html_erb___1024309582__617820468_438336'
  app/views/interviews/new.html.erb:3:in `_app_views_interviews_new_html_erb__118271368__617815068_0'
  app/controllers/interviews_controller.rb:29:in `new'

Rendered /usr/lib/ruby/gems/1.8/gems/actionpack-3.0.5/lib/action_dispatch/middleware/templates/rescues/_trace.erb (12.1ms)
Rendered /usr/lib/ruby/gems/1.8/gems/actionpack-3.0.5/lib/action_dispatch/middleware/templates/rescues/_request_and_response.erb (111.4ms)
Rendered /usr/lib/ruby/gems/1.8/gems/actionpack-3.0.5/lib/action_dispatch/middleware/templates/rescues/template_error.erb within rescues/layout (185.3ms)


Started GET "/interviews/new" for 127.0.0.1 at Fri Mar 11 15:57:03 +0530 2011
  Processing by InterviewsController#new as HTML
  [1m[36mApplicant Load (1.0ms)[0m  [1mSELECT `applicants`.* FROM `applicants`[0m
  [1m[35mMandate Load (0.6ms)[0m  SELECT `mandates`.* FROM `mandates`
Rendered interviews/_form.html.erb (406.4ms)
Rendered interviews/new.html.erb within layouts/application (445.8ms)
Completed 200 OK in 558ms (Views: 475.8ms | ActiveRecord: 4.0ms)


Started GET "/applicants" for 127.0.0.1 at Fri Mar 11 15:58:10 +0530 2011
  Processing by ApplicantsController#index as HTML
  [1m[36mApplicant Load (0.6ms)[0m  [1mSELECT `applicants`.* FROM `applicants`[0m
Rendered applicants/index.html.erb within layouts/application (42.9ms)
Completed 200 OK in 205ms (Views: 91.5ms | ActiveRecord: 0.6ms)


Started GET "/applicants/new" for 127.0.0.1 at Fri Mar 11 15:58:15 +0530 2011
  Processing by ApplicantsController#new as HTML
Rendered applicants/_form.html.erb (218.6ms)
Rendered applicants/new.html.erb within layouts/application (253.9ms)
Completed 200 OK in 364ms (Views: 285.1ms | ActiveRecord: 0.0ms)


Started GET "/applicants/new" for 127.0.0.1 at Fri Mar 11 16:03:44 +0530 2011
  Processing by ApplicantsController#new as HTML
Rendered applicants/_form.html.erb (210.2ms)
Rendered applicants/new.html.erb within layouts/application (246.4ms)
Completed 200 OK in 369ms (Views: 273.8ms | ActiveRecord: 0.0ms)


Started POST "/applicants" for 127.0.0.1 at Fri Mar 11 16:06:11 +0530 2011
  Processing by ApplicantsController#create as HTML
  Parameters: {"commit"=>"Create Applicant", "applicant"=>{"name"=>"Amir", "address"=>"34,cm colony, chennai", "photo"=>"", "dob(1i)"=>"1982", "dob(2i)"=>"6", "dob(3i)"=>"7", "phone"=>"987654321", "qualification"=>"MBA", "experience"=>"2", "email"=>"amir@gy.com"}, "authenticity_token"=>"Dmja2WTESIR73HVJTGjoSIkcsWGb++pWJvVyrISsgoQ=", "utf8"=>"✓"}
  [1m[35mSQL (9.8ms)[0m  BEGIN
  [1m[36mSQL (2.2ms)[0m  [1mSHOW TABLES[0m
  [1m[35mSQL (6.8ms)[0m  describe `applicants`
  [1m[36mAREL (9.1ms)[0m  [1mINSERT INTO `applicants` (`dob`, `email`, `phone`, `updated_at`, `name`, `photo`, `address`, `experience`, `qualification`, `created_at`) VALUES ('1982-06-07', 'amir@gy.com', 987654321, '2011-03-11 10:36:11', 'Amir', '', '34,cm colony, chennai', 2, 'MBA', '2011-03-11 10:36:11')[0m
  [1m[35mSQL (11.6ms)[0m  COMMIT
Redirected to http://localhost:3000/applicants/1
Completed 302 Found in 339ms


Started GET "/applicants/1" for 127.0.0.1 at Fri Mar 11 16:06:12 +0530 2011
  Processing by ApplicantsController#show as HTML
  Parameters: {"id"=>"1"}
  [1m[36mApplicant Load (22.6ms)[0m  [1mSELECT `applicants`.* FROM `applicants` WHERE `applicants`.`id` = 1 LIMIT 1[0m
Rendered applicants/show.html.erb within layouts/application (190.4ms)
Completed 200 OK in 341ms (Views: 223.3ms | ActiveRecord: 62.3ms)


Started GET "/applicants" for 127.0.0.1 at Fri Mar 11 16:06:16 +0530 2011
  Processing by ApplicantsController#index as HTML
  [1m[35mApplicant Load (1.3ms)[0m  SELECT `applicants`.* FROM `applicants`
Rendered applicants/index.html.erb within layouts/application (157.9ms)
Completed 200 OK in 287ms (Views: 188.8ms | ActiveRecord: 1.3ms)


Started GET "/applicants/new" for 127.0.0.1 at Fri Mar 11 16:06:21 +0530 2011
  Processing by ApplicantsController#new as HTML
Rendered applicants/_form.html.erb (220.1ms)
Rendered applicants/new.html.erb within layouts/application (263.7ms)
Completed 200 OK in 396ms (Views: 295.9ms | ActiveRecord: 0.0ms)


Started POST "/applicants" for 127.0.0.1 at Fri Mar 11 16:07:31 +0530 2011
  Processing by ApplicantsController#create as HTML
  Parameters: {"commit"=>"Create Applicant", "applicant"=>{"name"=>"Vishnu Raj", "address"=>"45, Nh road, Arcot", "photo"=>"", "dob(1i)"=>"1988", "dob(2i)"=>"1", "dob(3i)"=>"28", "phone"=>"89898434", "qualification"=>"BE", "experience"=>"", "email"=>"vishnu_raj@gy.com"}, "authenticity_token"=>"Dmja2WTESIR73HVJTGjoSIkcsWGb++pWJvVyrISsgoQ=", "utf8"=>"✓"}
  [1m[36mSQL (0.5ms)[0m  [1mBEGIN[0m
  [1m[35mSQL (5.9ms)[0m  describe `applicants`
  [1m[36mAREL (25.9ms)[0m  [1mINSERT INTO `applicants` (`photo`, `experience`, `dob`, `created_at`, `qualification`, `phone`, `address`, `name`, `email`, `updated_at`) VALUES ('', NULL, '1988-01-28', '2011-03-11 10:37:32', 'BE', 89898434, '45, Nh road, Arcot', 'Vishnu Raj', 'vishnu_raj@gy.com', '2011-03-11 10:37:32')[0m
  [1m[35mSQL (6.0ms)[0m  COMMIT
Redirected to http://localhost:3000/applicants/2
Completed 302 Found in 576ms


Started GET "/applicants/2" for 127.0.0.1 at Fri Mar 11 16:07:32 +0530 2011
  Processing by ApplicantsController#show as HTML
  Parameters: {"id"=>"2"}
  [1m[36mApplicant Load (2.1ms)[0m  [1mSELECT `applicants`.* FROM `applicants` WHERE `applicants`.`id` = 2 LIMIT 1[0m
Rendered applicants/show.html.erb within layouts/application (140.2ms)
Completed 200 OK in 281ms (Views: 183.3ms | ActiveRecord: 40.4ms)


Started GET "/applicants" for 127.0.0.1 at Fri Mar 11 16:07:38 +0530 2011
  Processing by ApplicantsController#index as HTML
  [1m[35mApplicant Load (1.4ms)[0m  SELECT `applicants`.* FROM `applicants`
Rendered applicants/index.html.erb within layouts/application (178.7ms)
Completed 200 OK in 292ms (Views: 211.7ms | ActiveRecord: 1.4ms)


Started GET "/applicants/new" for 127.0.0.1 at Fri Mar 11 16:07:43 +0530 2011
  Processing by ApplicantsController#new as HTML
Rendered applicants/_form.html.erb (209.1ms)
Rendered applicants/new.html.erb within layouts/application (261.7ms)
Completed 200 OK in 374ms (Views: 294.2ms | ActiveRecord: 0.0ms)


Started POST "/applicants" for 127.0.0.1 at Fri Mar 11 16:08:52 +0530 2011
  Processing by ApplicantsController#create as HTML
  Parameters: {"commit"=>"Create Applicant", "applicant"=>{"name"=>"Dhanasekar", "address"=>"21, ssn nagar, Hyderabad", "photo"=>"", "dob(1i)"=>"1981", "dob(2i)"=>"7", "dob(3i)"=>"19", "phone"=>"98342352134", "qualification"=>"B.Tech", "experience"=>"4", "email"=>"dhana@gy.com"}, "authenticity_token"=>"Dmja2WTESIR73HVJTGjoSIkcsWGb++pWJvVyrISsgoQ=", "utf8"=>"✓"}
  [1m[36mSQL (0.6ms)[0m  [1mBEGIN[0m
  [1m[35mSQL (15.5ms)[0m  describe `applicants`
  [1m[36mAREL (25.3ms)[0m  [1mINSERT INTO `applicants` (`name`, `experience`, `created_at`, `updated_at`, `phone`, `dob`, `email`, `photo`, `qualification`, `address`) VALUES ('Dhanasekar', 4, '2011-03-11 10:38:52', '2011-03-11 10:38:52', 98342352134, '1981-07-19', 'dhana@gy.com', '', 'B.Tech', '21, ssn nagar, Hyderabad')[0m
  [1m[35mSQL (19.4ms)[0m  COMMIT
Redirected to http://localhost:3000/applicants/3
Completed 302 Found in 317ms


Started GET "/applicants/3" for 127.0.0.1 at Fri Mar 11 16:08:53 +0530 2011
  Processing by ApplicantsController#show as HTML
  Parameters: {"id"=>"3"}
  [1m[36mApplicant Load (2.0ms)[0m  [1mSELECT `applicants`.* FROM `applicants` WHERE `applicants`.`id` = 3 LIMIT 1[0m
Rendered applicants/show.html.erb within layouts/application (137.4ms)
Completed 200 OK in 278ms (Views: 164.0ms | ActiveRecord: 62.9ms)


Started GET "/applicants" for 127.0.0.1 at Fri Mar 11 16:08:59 +0530 2011
  Processing by ApplicantsController#index as HTML
  [1m[35mApplicant Load (4.0ms)[0m  SELECT `applicants`.* FROM `applicants`
Rendered applicants/index.html.erb within layouts/application (206.0ms)
Completed 200 OK in 331ms (Views: 247.6ms | ActiveRecord: 4.0ms)


Started GET "/applicants/new" for 127.0.0.1 at Fri Mar 11 16:09:06 +0530 2011
  Processing by ApplicantsController#new as HTML
Rendered applicants/_form.html.erb (227.4ms)
Rendered applicants/new.html.erb within layouts/application (279.9ms)
Completed 200 OK in 399ms (Views: 312.6ms | ActiveRecord: 0.0ms)


Started POST "/applicants" for 127.0.0.1 at Fri Mar 11 16:10:31 +0530 2011
  Processing by ApplicantsController#create as HTML
  Parameters: {"commit"=>"Create Applicant", "applicant"=>{"name"=>"Ragu", "address"=>"39, csm st, Vellore", "photo"=>"", "dob(1i)"=>"1988", "dob(2i)"=>"8", "dob(3i)"=>"1", "phone"=>"9834325632", "qualification"=>"M.com", "experience"=>"3", "email"=>"ragu@gy.com"}, "authenticity_token"=>"Dmja2WTESIR73HVJTGjoSIkcsWGb++pWJvVyrISsgoQ=", "utf8"=>"✓"}
  [1m[36mSQL (0.5ms)[0m  [1mBEGIN[0m
  [1m[35mSQL (13.9ms)[0m  describe `applicants`
  [1m[36mAREL (1.3ms)[0m  [1mINSERT INTO `applicants` (`email`, `experience`, `created_at`, `address`, `photo`, `dob`, `qualification`, `name`, `phone`, `updated_at`) VALUES ('ragu@gy.com', 3, '2011-03-11 10:40:31', '39, csm st, Vellore', '', '1988-08-01', 'M.com', 'Ragu', 9834325632, '2011-03-11 10:40:31')[0m
  [1m[35mSQL (3.6ms)[0m  COMMIT
Redirected to http://localhost:3000/applicants/4
Completed 302 Found in 251ms


Started GET "/applicants/4" for 127.0.0.1 at Fri Mar 11 16:10:32 +0530 2011
  Processing by ApplicantsController#show as HTML
  Parameters: {"id"=>"4"}
  [1m[36mApplicant Load (2.3ms)[0m  [1mSELECT `applicants`.* FROM `applicants` WHERE `applicants`.`id` = 4 LIMIT 1[0m
Rendered applicants/show.html.erb within layouts/application (142.7ms)
Completed 200 OK in 585ms (Views: 170.2ms | ActiveRecord: 21.7ms)


Started GET "/applicants" for 127.0.0.1 at Fri Mar 11 16:10:38 +0530 2011
  Processing by ApplicantsController#index as HTML
  [1m[35mApplicant Load (3.1ms)[0m  SELECT `applicants`.* FROM `applicants`
Rendered applicants/index.html.erb within layouts/application (231.8ms)
Completed 200 OK in 358ms (Views: 261.8ms | ActiveRecord: 3.1ms)


Started GET "/applicants/new" for 127.0.0.1 at Fri Mar 11 16:10:42 +0530 2011
  Processing by ApplicantsController#new as HTML
Rendered applicants/_form.html.erb (246.4ms)
Rendered applicants/new.html.erb within layouts/application (288.4ms)
Completed 200 OK in 411ms (Views: 318.0ms | ActiveRecord: 0.0ms)


Started POST "/applicants" for 127.0.0.1 at Fri Mar 11 16:11:58 +0530 2011
  Processing by ApplicantsController#create as HTML
  Parameters: {"commit"=>"Create Applicant", "applicant"=>{"name"=>"Narayanan", "address"=>"98, raja st, Palani", "photo"=>"", "dob(1i)"=>"1984", "dob(2i)"=>"11", "dob(3i)"=>"21", "phone"=>"9810293847", "qualification"=>"BCA", "experience"=>"2", "email"=>"narayana@gy.com"}, "authenticity_token"=>"Dmja2WTESIR73HVJTGjoSIkcsWGb++pWJvVyrISsgoQ=", "utf8"=>"✓"}
  [1m[36mSQL (0.5ms)[0m  [1mBEGIN[0m
  [1m[35mSQL (15.1ms)[0m  describe `applicants`
  [1m[36mAREL (1.7ms)[0m  [1mINSERT INTO `applicants` (`phone`, `name`, `updated_at`, `created_at`, `address`, `dob`, `experience`, `email`, `qualification`, `photo`) VALUES (9810293847, 'Narayanan', '2011-03-11 10:41:58', '2011-03-11 10:41:58', '98, raja st, Palani', '1984-11-21', 2, 'narayana@gy.com', 'BCA', '')[0m
  [1m[35mSQL (5.4ms)[0m  COMMIT
Redirected to http://localhost:3000/applicants/5
Completed 302 Found in 247ms


Started GET "/applicants/5" for 127.0.0.1 at Fri Mar 11 16:11:58 +0530 2011
  Processing by ApplicantsController#show as HTML
  Parameters: {"id"=>"5"}
  [1m[36mApplicant Load (1.5ms)[0m  [1mSELECT `applicants`.* FROM `applicants` WHERE `applicants`.`id` = 5 LIMIT 1[0m
Rendered applicants/show.html.erb within layouts/application (681.6ms)
Completed 200 OK in 891ms (Views: 759.3ms | ActiveRecord: 24.3ms)


Started GET "/mandates" for 127.0.0.1 at Fri Mar 11 16:12:09 +0530 2011
  Processing by MandatesController#index as HTML
  [1m[35mMandate Load (0.7ms)[0m  SELECT `mandates`.* FROM `mandates`
Rendered mandates/index.html.erb within layouts/application (64.1ms)
Completed 200 OK in 265ms (Views: 119.1ms | ActiveRecord: 0.7ms)


Started GET "/mandates/new" for 127.0.0.1 at Fri Mar 11 16:12:13 +0530 2011
  Processing by MandatesController#new as HTML
Rendered mandates/_form.html.erb (115.8ms)
Rendered mandates/new.html.erb within layouts/application (159.1ms)
Completed 200 OK in 281ms (Views: 190.4ms | ActiveRecord: 0.0ms)


Started POST "/mandates" for 127.0.0.1 at Fri Mar 11 16:13:21 +0530 2011
  Processing by MandatesController#create as HTML
  Parameters: {"commit"=>"Create Mandate", "authenticity_token"=>"Dmja2WTESIR73HVJTGjoSIkcsWGb++pWJvVyrISsgoQ=", "utf8"=>"✓", "mandate"=>{"name"=>"Programmer", "company_name"=>"GTK Tech pvt.ltd", "description"=>"salary 24,000 to 29,000 based on experiences"}}
  [1m[36mSQL (0.5ms)[0m  [1mBEGIN[0m
  [1m[35mSQL (6.1ms)[0m  describe `mandates`
  [1m[36mAREL (9.5ms)[0m  [1mINSERT INTO `mandates` (`created_at`, `updated_at`, `name`, `company_name`, `description`) VALUES ('2011-03-11 10:43:21', '2011-03-11 10:43:21', 'Programmer', 'GTK Tech pvt.ltd', 'salary 24,000 to 29,000 based on experiences')[0m
  [1m[35mSQL (4.0ms)[0m  COMMIT
Redirected to http://localhost:3000/mandates/1
Completed 302 Found in 211ms


Started GET "/mandates/1" for 127.0.0.1 at Fri Mar 11 16:13:21 +0530 2011
  Processing by MandatesController#show as HTML
  Parameters: {"id"=>"1"}
  [1m[36mMandate Load (1.5ms)[0m  [1mSELECT `mandates`.* FROM `mandates` WHERE `mandates`.`id` = 1 LIMIT 1[0m
Rendered mandates/show.html.erb within layouts/application (97.5ms)
Completed 200 OK in 224ms (Views: 134.3ms | ActiveRecord: 21.7ms)


Started GET "/mandates" for 127.0.0.1 at Fri Mar 11 16:13:26 +0530 2011
  Processing by MandatesController#index as HTML
  [1m[35mMandate Load (1.5ms)[0m  SELECT `mandates`.* FROM `mandates`
Rendered mandates/index.html.erb within layouts/application (138.0ms)
Completed 200 OK in 585ms (Views: 500.4ms | ActiveRecord: 1.5ms)


Started GET "/mandates/new" for 127.0.0.1 at Fri Mar 11 16:13:31 +0530 2011
  Processing by MandatesController#new as HTML
Rendered mandates/_form.html.erb (95.2ms)
Rendered mandates/new.html.erb within layouts/application (130.5ms)
Completed 200 OK in 242ms (Views: 153.9ms | ActiveRecord: 0.0ms)


Started POST "/mandates" for 127.0.0.1 at Fri Mar 11 16:15:55 +0530 2011
  Processing by MandatesController#create as HTML
  Parameters: {"commit"=>"Create Mandate", "authenticity_token"=>"Dmja2WTESIR73HVJTGjoSIkcsWGb++pWJvVyrISsgoQ=", "utf8"=>"✓", "mandate"=>{"name"=>"UI designer", "company_name"=>"QT technologies", "description"=>"3 Aggreements "}}
  [1m[36mSQL (0.5ms)[0m  [1mBEGIN[0m
  [1m[35mSQL (14.9ms)[0m  describe `mandates`
  [1m[36mAREL (1.6ms)[0m  [1mINSERT INTO `mandates` (`created_at`, `company_name`, `updated_at`, `description`, `name`) VALUES ('2011-03-11 10:45:55', 'QT technologies', '2011-03-11 10:45:55', '3 Aggreements ', 'UI designer')[0m
  [1m[35mSQL (13.4ms)[0m  COMMIT
Redirected to http://localhost:3000/mandates/2
Completed 302 Found in 200ms


Started GET "/mandates/2" for 127.0.0.1 at Fri Mar 11 16:15:55 +0530 2011
  Processing by MandatesController#show as HTML
  Parameters: {"id"=>"2"}
  [1m[36mMandate Load (1.8ms)[0m  [1mSELECT `mandates`.* FROM `mandates` WHERE `mandates`.`id` = 2 LIMIT 1[0m
Rendered mandates/show.html.erb within layouts/application (97.3ms)
Completed 200 OK in 225ms (Views: 127.5ms | ActiveRecord: 32.3ms)


Started GET "/mandates" for 127.0.0.1 at Fri Mar 11 16:15:59 +0530 2011
  Processing by MandatesController#index as HTML
  [1m[35mMandate Load (1.4ms)[0m  SELECT `mandates`.* FROM `mandates`
Rendered mandates/index.html.erb within layouts/application (132.7ms)
Completed 200 OK in 246ms (Views: 163.8ms | ActiveRecord: 1.4ms)


Started GET "/mandates/new" for 127.0.0.1 at Fri Mar 11 16:16:03 +0530 2011
  Processing by MandatesController#new as HTML
Rendered mandates/_form.html.erb (120.9ms)
Rendered mandates/new.html.erb within layouts/application (166.3ms)
Completed 200 OK in 323ms (Views: 203.4ms | ActiveRecord: 0.0ms)


Started POST "/mandates" for 127.0.0.1 at Fri Mar 11 16:17:52 +0530 2011
  Processing by MandatesController#create as HTML
  Parameters: {"commit"=>"Create Mandate", "authenticity_token"=>"Dmja2WTESIR73HVJTGjoSIkcsWGb++pWJvVyrISsgoQ=", "utf8"=>"✓", "mandate"=>{"name"=>"Accountant", "company_name"=>"KP & sons", "description"=>"well experienced persons only for this post"}}
  [1m[36mSQL (10.1ms)[0m  [1mBEGIN[0m
  [1m[35mSQL (11.2ms)[0m  describe `mandates`
  [1m[36mAREL (3.0ms)[0m  [1mINSERT INTO `mandates` (`description`, `created_at`, `updated_at`, `name`, `company_name`) VALUES ('well experienced persons only for this post', '2011-03-11 10:47:52', '2011-03-11 10:47:52', 'Accountant', 'KP & sons')[0m
  [1m[35mSQL (4.4ms)[0m  COMMIT
Redirected to http://localhost:3000/mandates/3
Completed 302 Found in 197ms


Started GET "/mandates/3" for 127.0.0.1 at Fri Mar 11 16:17:52 +0530 2011
  Processing by MandatesController#show as HTML
  Parameters: {"id"=>"3"}
  [1m[36mMandate Load (9.5ms)[0m  [1mSELECT `mandates`.* FROM `mandates` WHERE `mandates`.`id` = 3 LIMIT 1[0m
Rendered mandates/show.html.erb within layouts/application (96.3ms)
Completed 200 OK in 223ms (Views: 127.2ms | ActiveRecord: 38.2ms)


Started GET "/mandates" for 127.0.0.1 at Fri Mar 11 16:17:56 +0530 2011
  Processing by MandatesController#index as HTML
  [1m[35mMandate Load (2.1ms)[0m  SELECT `mandates`.* FROM `mandates`
Rendered mandates/index.html.erb within layouts/application (150.3ms)
Completed 200 OK in 269ms (Views: 183.7ms | ActiveRecord: 2.1ms)


Started GET "/mandates/new" for 127.0.0.1 at Fri Mar 11 16:18:00 +0530 2011
  Processing by MandatesController#new as HTML
Rendered mandates/_form.html.erb (164.3ms)
Rendered mandates/new.html.erb within layouts/application (226.3ms)
Completed 200 OK in 414ms (Views: 270.3ms | ActiveRecord: 0.0ms)


Started POST "/mandates" for 127.0.0.1 at Fri Mar 11 16:20:54 +0530 2011
  Processing by MandatesController#create as HTML
  Parameters: {"commit"=>"Create Mandate", "authenticity_token"=>"Dmja2WTESIR73HVJTGjoSIkcsWGb++pWJvVyrISsgoQ=", "utf8"=>"✓", "mandate"=>{"name"=>"Testing programmer", "company_name"=>"Mozilla Foundations pvt Ltd", "description"=>"must experience"}}
  [1m[36mSQL (0.6ms)[0m  [1mBEGIN[0m
  [1m[35mSQL (15.4ms)[0m  describe `mandates`
  [1m[36mAREL (1.2ms)[0m  [1mINSERT INTO `mandates` (`updated_at`, `company_name`, `created_at`, `description`, `name`) VALUES ('2011-03-11 10:50:54', 'Mozilla Foundations pvt Ltd', '2011-03-11 10:50:54', 'must experience', 'Testing programmer')[0m
  [1m[35mSQL (5.2ms)[0m  COMMIT
Redirected to http://localhost:3000/mandates/4
Completed 302 Found in 216ms


Started GET "/mandates/4" for 127.0.0.1 at Fri Mar 11 16:20:55 +0530 2011
  Processing by MandatesController#show as HTML
  Parameters: {"id"=>"4"}
  [1m[36mMandate Load (1.5ms)[0m  [1mSELECT `mandates`.* FROM `mandates` WHERE `mandates`.`id` = 4 LIMIT 1[0m
Rendered mandates/show.html.erb within layouts/application (100.6ms)
Completed 200 OK in 229ms (Views: 131.8ms | ActiveRecord: 23.9ms)


Started GET "/interviews" for 127.0.0.1 at Fri Mar 11 16:21:57 +0530 2011
  Processing by InterviewsController#index as HTML
  [1m[35mInterview Load (3.6ms)[0m  SELECT `interviews`.* FROM `interviews`
Rendered interviews/index.html.erb within layouts/application (52.4ms)
Completed 200 OK in 158ms (Views: 85.7ms | ActiveRecord: 3.6ms)


Started GET "/interviews/new" for 127.0.0.1 at Fri Mar 11 16:22:00 +0530 2011
  Processing by InterviewsController#new as HTML
ERROR: compiling _app_views_interviews__form_html_erb___1024309582__618380758_438336 RAISED compile error
/home/rajkumar/Documents/viewhr/app/views/interviews/_form.html.erb:16: syntax error, unexpected '{', expecting ')'
...d, Applicant.all, :id, :name {:prompt => "Select Applicant"}...
                              ^
/home/rajkumar/Documents/viewhr/app/views/interviews/_form.html.erb:16: syntax error, unexpected '}', expecting ')'
...:prompt => "Select Applicant"} );@output_buffer.safe_concat(...
                              ^
/home/rajkumar/Documents/viewhr/app/views/interviews/_form.html.erb:20: syntax error, unexpected '{', expecting ')'
..._id, Mandate.all, :id, :name {:prompt => "Select Mandate"} )...
                              ^
/home/rajkumar/Documents/viewhr/app/views/interviews/_form.html.erb:20: syntax error, unexpected '}', expecting ')'
... {:prompt => "Select Mandate"} );@output_buffer.safe_concat(...
                              ^
/home/rajkumar/Documents/viewhr/app/views/interviews/_form.html.erb:33: syntax error, unexpected kEND, expecting ')'
'); end 
       ^
/home/rajkumar/Documents/viewhr/app/views/interviews/_form.html.erb:35: syntax error, unexpected kENSURE, expecting ')'
/home/rajkumar/Documents/viewhr/app/views/interviews/_form.html.erb:37: syntax error, unexpected kEND, expecting ')'
Function body:           def _app_views_interviews__form_html_erb___1024309582__618380758_438336(local_assigns)
            _old_virtual_path, @_virtual_path = @_virtual_path, "interviews/_form";_old_output_buffer = @output_buffer;form = local_assigns[:form];;@output_buffer = ActionView::OutputBuffer.new;@output_buffer.append=  form_for(@interview) do |f| @output_buffer.safe_concat('
');   if @interview.errors.any? 
@output_buffer.safe_concat('    <div id="error_explanation">
      <h2>');@output_buffer.append= ( pluralize(@interview.errors.count, "error") );@output_buffer.safe_concat(' prohibited this interview from being saved:</h2>

      <ul>
');@output_buffer.append_if_string=        @interview.errors.full_messages.each do |msg| 
@output_buffer.safe_concat('        <li>');@output_buffer.append= ( msg );@output_buffer.safe_concat('</li>
');       end 
@output_buffer.safe_concat('      </ul>
    </div>
');   end 
@output_buffer.safe_concat('
  <div class="field">
    ');@output_buffer.append= ( f.label :applicant );@output_buffer.safe_concat('<br />
    ');@output_buffer.append= ( f.collection_select :applicant_id, Applicant.all, :id, :name {:prompt => "Select Applicant"} );@output_buffer.safe_concat('
');@output_buffer.safe_concat('  </div>
  <div class="field">
    ');@output_buffer.append= ( f.label :mandate );@output_buffer.safe_concat('<br />
    ');@output_buffer.append= ( f.collection_select :mandate_id, Mandate.all, :id, :name {:prompt => "Select Mandate"} );@output_buffer.safe_concat('
');@output_buffer.safe_concat('  </div>
  <div class="field">
    ');@output_buffer.append= ( f.label :date_of_conducting );@output_buffer.safe_concat('<br />
    ');@output_buffer.append= ( f.date_select :date_of_conducting );@output_buffer.safe_concat('
');@output_buffer.safe_concat('  </div>
  <div class="field">
    ');@output_buffer.append= ( f.label :description );@output_buffer.safe_concat('<br />
    ');@output_buffer.append= ( f.text_field :description );@output_buffer.safe_concat('
');@output_buffer.safe_concat('  </div>
  <div class="actions">
    ');@output_buffer.append= ( f.submit );@output_buffer.safe_concat('
');@output_buffer.safe_concat('  </div>
'); end 
@output_buffer.to_s
          ensure
            @_virtual_path, @output_buffer = _old_virtual_path, _old_output_buffer
          end
Backtrace: /home/rajkumar/Documents/viewhr/app/views/interviews/_form.html.erb:37:in `compile'
/usr/lib/ruby/gems/1.8/gems/actionpack-3.0.5/lib/action_view/template.rb:134:in `render'
/usr/lib/ruby/gems/1.8/gems/activesupport-3.0.5/lib/active_support/notifications.rb:54:in `instrument'
/usr/lib/ruby/gems/1.8/gems/actionpack-3.0.5/lib/action_view/template.rb:127:in `render'
/usr/lib/ruby/gems/1.8/gems/actionpack-3.0.5/lib/action_view/render/partials.rb:333:in `render_partial'
/usr/lib/ruby/gems/1.8/gems/actionpack-3.0.5/lib/action_view/render/partials.rb:262:in `render'
/usr/lib/ruby/gems/1.8/gems/activesupport-3.0.5/lib/active_support/notifications.rb:52:in `instrument'
/usr/lib/ruby/gems/1.8/gems/activesupport-3.0.5/lib/active_support/notifications/instrumenter.rb:21:in `instrument'
/usr/lib/ruby/gems/1.8/gems/activesupport-3.0.5/lib/active_support/notifications.rb:52:in `instrument'
/usr/lib/ruby/gems/1.8/gems/actionpack-3.0.5/lib/action_view/render/partials.rb:260:in `render'
/usr/lib/ruby/gems/1.8/gems/actionpack-3.0.5/lib/action_view/render/partials.rb:378:in `_render_partial'
/usr/lib/ruby/gems/1.8/gems/actionpack-3.0.5/lib/action_view/render/rendering.rb:31:in `render'
/home/rajkumar/Documents/viewhr/app/views/interviews/new.html.erb:3:in `_app_views_interviews_new_html_erb__118271368__618375338_0'
/usr/lib/ruby/gems/1.8/gems/actionpack-3.0.5/lib/action_view/template.rb:135:in `send'
/usr/lib/ruby/gems/1.8/gems/actionpack-3.0.5/lib/action_view/template.rb:135:in `render'
/usr/lib/ruby/gems/1.8/gems/activesupport-3.0.5/lib/active_support/notifications.rb:54:in `instrument'
/usr/lib/ruby/gems/1.8/gems/actionpack-3.0.5/lib/action_view/template.rb:127:in `render'
/usr/lib/ruby/gems/1.8/gems/actionpack-3.0.5/lib/action_view/render/rendering.rb:59:in `_render_template'
/usr/lib/ruby/gems/1.8/gems/activesupport-3.0.5/lib/active_support/notifications.rb:52:in `instrument'
/usr/lib/ruby/gems/1.8/gems/activesupport-3.0.5/lib/active_support/notifications/instrumenter.rb:21:in `instrument'
/usr/lib/ruby/gems/1.8/gems/activesupport-3.0.5/lib/active_support/notifications.rb:52:in `instrument'
/usr/lib/ruby/gems/1.8/gems/actionpack-3.0.5/lib/action_view/render/rendering.rb:56:in `_render_template'
/usr/lib/ruby/gems/1.8/gems/actionpack-3.0.5/lib/action_view/render/rendering.rb:26:in `render'
/usr/lib/ruby/gems/1.8/gems/actionpack-3.0.5/lib/abstract_controller/rendering.rb:115:in `_render_template'
/usr/lib/ruby/gems/1.8/gems/actionpack-3.0.5/lib/abstract_controller/rendering.rb:109:in `render_to_body'
/usr/lib/ruby/gems/1.8/gems/actionpack-3.0.5/lib/action_controller/metal/renderers.rb:47:in `render_to_body'
/usr/lib/ruby/gems/1.8/gems/actionpack-3.0.5/lib/action_controller/metal/compatibility.rb:55:in `render_to_body'
/usr/lib/ruby/gems/1.8/gems/actionpack-3.0.5/lib/abstract_controller/rendering.rb:102:in `render_to_string'
/usr/lib/ruby/gems/1.8/gems/actionpack-3.0.5/lib/abstract_controller/rendering.rb:93:in `render'
/usr/lib/ruby/gems/1.8/gems/actionpack-3.0.5/lib/action_controller/metal/rendering.rb:17:in `render'
/usr/lib/ruby/gems/1.8/gems/actionpack-3.0.5/lib/action_controller/metal/instrumentation.rb:40:in `render'
/usr/lib/ruby/gems/1.8/gems/activesupport-3.0.5/lib/active_support/core_ext/benchmark.rb:5:in `ms'
/usr/lib/ruby/1.8/benchmark.rb:308:in `realtime'
/usr/lib/ruby/gems/1.8/gems/activesupport-3.0.5/lib/active_support/core_ext/benchmark.rb:5:in `ms'
/usr/lib/ruby/gems/1.8/gems/actionpack-3.0.5/lib/action_controller/metal/instrumentation.rb:40:in `render'
/usr/lib/ruby/gems/1.8/gems/actionpack-3.0.5/lib/action_controller/metal/instrumentation.rb:78:in `cleanup_view_runtime'
/usr/lib/ruby/gems/1.8/gems/activerecord-3.0.5/lib/active_record/railties/controller_runtime.rb:15:in `cleanup_view_runtime'
/usr/lib/ruby/gems/1.8/gems/actionpack-3.0.5/lib/action_controller/metal/instrumentation.rb:39:in `render'
/usr/lib/ruby/gems/1.8/gems/actionpack-3.0.5/lib/action_controller/metal/implicit_render.rb:10:in `default_render'
/usr/lib/ruby/gems/1.8/gems/actionpack-3.0.5/lib/action_controller/metal/mime_responds.rb:261:in `retrieve_response_from_mimes'
/usr/lib/ruby/gems/1.8/gems/actionpack-3.0.5/lib/action_controller/metal/mime_responds.rb:192:in `call'
/usr/lib/ruby/gems/1.8/gems/actionpack-3.0.5/lib/action_controller/metal/mime_responds.rb:192:in `respond_to'
/home/rajkumar/Documents/viewhr/app/controllers/interviews_controller.rb:29:in `new'
/usr/lib/ruby/gems/1.8/gems/actionpack-3.0.5/lib/action_controller/metal/implicit_render.rb:4:in `send_action'
/usr/lib/ruby/gems/1.8/gems/actionpack-3.0.5/lib/action_controller/metal/implicit_render.rb:4:in `send_action'
/usr/lib/ruby/gems/1.8/gems/actionpack-3.0.5/lib/abstract_controller/base.rb:150:in `process_action'
/usr/lib/ruby/gems/1.8/gems/actionpack-3.0.5/lib/action_controller/metal/rendering.rb:11:in `process_action'
/usr/lib/ruby/gems/1.8/gems/actionpack-3.0.5/lib/abstract_controller/callbacks.rb:18:in `process_action'
/usr/lib/ruby/gems/1.8/gems/activesupport-3.0.5/lib/active_support/callbacks.rb:435:in `_run__852079854__process_action__943997142__callbacks'
/usr/lib/ruby/gems/1.8/gems/activesupport-3.0.5/lib/active_support/callbacks.rb:409:in `send'
/usr/lib/ruby/gems/1.8/gems/activesupport-3.0.5/lib/active_support/callbacks.rb:409:in `_run_process_action_callbacks'
/usr/lib/ruby/gems/1.8/gems/activesupport-3.0.5/lib/active_support/callbacks.rb:93:in `send'
/usr/lib/ruby/gems/1.8/gems/activesupport-3.0.5/lib/active_support/callbacks.rb:93:in `run_callbacks'
/usr/lib/ruby/gems/1.8/gems/actionpack-3.0.5/lib/abstract_controller/callbacks.rb:17:in `process_action'
/usr/lib/ruby/gems/1.8/gems/actionpack-3.0.5/lib/action_controller/metal/instrumentation.rb:30:in `process_action'
/usr/lib/ruby/gems/1.8/gems/activesupport-3.0.5/lib/active_support/notifications.rb:52:in `instrument'
/usr/lib/ruby/gems/1.8/gems/activesupport-3.0.5/lib/active_support/notifications/instrumenter.rb:21:in `instrument'
/usr/lib/ruby/gems/1.8/gems/activesupport-3.0.5/lib/active_support/notifications.rb:52:in `instrument'
/usr/lib/ruby/gems/1.8/gems/actionpack-3.0.5/lib/action_controller/metal/instrumentation.rb:29:in `process_action'
/usr/lib/ruby/gems/1.8/gems/actionpack-3.0.5/lib/action_controller/metal/rescue.rb:17:in `process_action'
/usr/lib/ruby/gems/1.8/gems/actionpack-3.0.5/lib/abstract_controller/base.rb:119:in `process'
/usr/lib/ruby/gems/1.8/gems/actionpack-3.0.5/lib/abstract_controller/rendering.rb:41:in `process'
/usr/lib/ruby/gems/1.8/gems/actionpack-3.0.5/lib/action_controller/metal.rb:138:in `dispatch'
/usr/lib/ruby/gems/1.8/gems/actionpack-3.0.5/lib/action_controller/metal/rack_delegation.rb:14:in `dispatch'
/usr/lib/ruby/gems/1.8/gems/actionpack-3.0.5/lib/action_controller/metal.rb:178:in `action'
/usr/lib/ruby/gems/1.8/gems/actionpack-3.0.5/lib/action_dispatch/routing/route_set.rb:62:in `call'
/usr/lib/ruby/gems/1.8/gems/actionpack-3.0.5/lib/action_dispatch/routing/route_set.rb:62:in `dispatch'
/usr/lib/ruby/gems/1.8/gems/actionpack-3.0.5/lib/action_dispatch/routing/route_set.rb:27:in `call'
/usr/lib/ruby/gems/1.8/gems/rack-mount-0.6.13/lib/rack/mount/route_set.rb:148:in `call'
/usr/lib/ruby/gems/1.8/gems/rack-mount-0.6.13/lib/rack/mount/code_generation.rb:93:in `recognize'
/usr/lib/ruby/gems/1.8/gems/rack-mount-0.6.13/lib/rack/mount/code_generation.rb:75:in `optimized_each'
/usr/lib/ruby/gems/1.8/gems/rack-mount-0.6.13/lib/rack/mount/code_generation.rb:92:in `recognize'
/usr/lib/ruby/gems/1.8/gems/rack-mount-0.6.13/lib/rack/mount/route_set.rb:139:in `call'
/usr/lib/ruby/gems/1.8/gems/actionpack-3.0.5/lib/action_dispatch/routing/route_set.rb:492:in `call'
/usr/lib/ruby/gems/1.8/gems/actionpack-3.0.5/lib/action_dispatch/middleware/best_standards_support.rb:17:in `call'
/usr/lib/ruby/gems/1.8/gems/actionpack-3.0.5/lib/action_dispatch/middleware/head.rb:14:in `call'
/usr/lib/ruby/gems/1.8/gems/rack-1.2.1/lib/rack/methodoverride.rb:24:in `call'
/usr/lib/ruby/gems/1.8/gems/actionpack-3.0.5/lib/action_dispatch/middleware/params_parser.rb:21:in `call'
/usr/lib/ruby/gems/1.8/gems/actionpack-3.0.5/lib/action_dispatch/middleware/flash.rb:182:in `call'
/usr/lib/ruby/gems/1.8/gems/actionpack-3.0.5/lib/action_dispatch/middleware/session/abstract_store.rb:149:in `call'
/usr/lib/ruby/gems/1.8/gems/actionpack-3.0.5/lib/action_dispatch/middleware/cookies.rb:302:in `call'
/usr/lib/ruby/gems/1.8/gems/activerecord-3.0.5/lib/active_record/query_cache.rb:32:in `call'
/usr/lib/ruby/gems/1.8/gems/activerecord-3.0.5/lib/active_record/connection_adapters/abstract/query_cache.rb:28:in `cache'
/usr/lib/ruby/gems/1.8/gems/activerecord-3.0.5/lib/active_record/query_cache.rb:12:in `cache'
/usr/lib/ruby/gems/1.8/gems/activerecord-3.0.5/lib/active_record/query_cache.rb:31:in `call'
/usr/lib/ruby/gems/1.8/gems/activerecord-3.0.5/lib/active_record/connection_adapters/abstract/connection_pool.rb:354:in `call'
/usr/lib/ruby/gems/1.8/gems/actionpack-3.0.5/lib/action_dispatch/middleware/callbacks.rb:46:in `call'
/usr/lib/ruby/gems/1.8/gems/activesupport-3.0.5/lib/active_support/callbacks.rb:415:in `_run_call_callbacks'
/usr/lib/ruby/gems/1.8/gems/actionpack-3.0.5/lib/action_dispatch/middleware/callbacks.rb:44:in `call'
/usr/lib/ruby/gems/1.8/gems/rack-1.2.1/lib/rack/sendfile.rb:107:in `call'
/usr/lib/ruby/gems/1.8/gems/actionpack-3.0.5/lib/action_dispatch/middleware/remote_ip.rb:48:in `call'
/usr/lib/ruby/gems/1.8/gems/actionpack-3.0.5/lib/action_dispatch/middleware/show_exceptions.rb:47:in `call'
/usr/lib/ruby/gems/1.8/gems/railties-3.0.5/lib/rails/rack/logger.rb:13:in `call'
/usr/lib/ruby/gems/1.8/gems/rack-1.2.1/lib/rack/runtime.rb:17:in `call'
/usr/lib/ruby/gems/1.8/gems/activesupport-3.0.5/lib/active_support/cache/strategy/local_cache.rb:72:in `call'
/usr/lib/ruby/gems/1.8/gems/rack-1.2.1/lib/rack/lock.rb:11:in `call'
/usr/lib/ruby/gems/1.8/gems/rack-1.2.1/lib/rack/lock.rb:11:in `synchronize'
/usr/lib/ruby/gems/1.8/gems/rack-1.2.1/lib/rack/lock.rb:11:in `call'
/usr/lib/ruby/gems/1.8/gems/actionpack-3.0.5/lib/action_dispatch/middleware/static.rb:30:in `call'
/usr/lib/ruby/gems/1.8/gems/railties-3.0.5/lib/rails/application.rb:168:in `call'
/usr/lib/ruby/gems/1.8/gems/railties-3.0.5/lib/rails/application.rb:77:in `send'
/usr/lib/ruby/gems/1.8/gems/railties-3.0.5/lib/rails/application.rb:77:in `method_missing'
/usr/lib/ruby/gems/1.8/gems/railties-3.0.5/lib/rails/rack/log_tailer.rb:14:in `call'
/usr/lib/ruby/gems/1.8/gems/rack-1.2.1/lib/rack/content_length.rb:13:in `call'
/usr/lib/ruby/gems/1.8/gems/rack-1.2.1/lib/rack/handler/webrick.rb:52:in `service'
/usr/lib/ruby/1.8/webrick/httpserver.rb:104:in `service'
/usr/lib/ruby/1.8/webrick/httpserver.rb:65:in `run'
/usr/lib/ruby/1.8/webrick/server.rb:173:in `start_thread'
/usr/lib/ruby/1.8/webrick/server.rb:162:in `start'
/usr/lib/ruby/1.8/webrick/server.rb:162:in `start_thread'
/usr/lib/ruby/1.8/webrick/server.rb:95:in `start'
/usr/lib/ruby/1.8/webrick/server.rb:92:in `each'
/usr/lib/ruby/1.8/webrick/server.rb:92:in `start'
/usr/lib/ruby/1.8/webrick/server.rb:23:in `start'
/usr/lib/ruby/1.8/webrick/server.rb:82:in `start'
/usr/lib/ruby/gems/1.8/gems/rack-1.2.1/lib/rack/handler/webrick.rb:13:in `run'
/usr/lib/ruby/gems/1.8/gems/rack-1.2.1/lib/rack/server.rb:213:in `start'
/usr/lib/ruby/gems/1.8/gems/railties-3.0.5/lib/rails/commands/server.rb:65:in `start'
/usr/lib/ruby/gems/1.8/gems/railties-3.0.5/lib/rails/commands.rb:30
/usr/lib/ruby/gems/1.8/gems/railties-3.0.5/lib/rails/commands.rb:27:in `tap'
/usr/lib/ruby/gems/1.8/gems/railties-3.0.5/lib/rails/commands.rb:27
script/rails:6:in `require'
script/rails:6
Rendered interviews/_form.html.erb (24.6ms)
Rendered interviews/new.html.erb within layouts/application (44.8ms)
Completed   in 194ms

ActionView::Template::Error (compile error
/home/rajkumar/Documents/viewhr/app/views/interviews/_form.html.erb:16: syntax error, unexpected '{', expecting ')'
...d, Applicant.all, :id, :name {:prompt => "Select Applicant"}...
                              ^
/home/rajkumar/Documents/viewhr/app/views/interviews/_form.html.erb:16: syntax error, unexpected '}', expecting ')'
...:prompt => "Select Applicant"} );@output_buffer.safe_concat(...
                              ^
/home/rajkumar/Documents/viewhr/app/views/interviews/_form.html.erb:20: syntax error, unexpected '{', expecting ')'
..._id, Mandate.all, :id, :name {:prompt => "Select Mandate"} )...
                              ^
/home/rajkumar/Documents/viewhr/app/views/interviews/_form.html.erb:20: syntax error, unexpected '}', expecting ')'
... {:prompt => "Select Mandate"} );@output_buffer.safe_concat(...
                              ^
/home/rajkumar/Documents/viewhr/app/views/interviews/_form.html.erb:33: syntax error, unexpected kEND, expecting ')'
'); end 
       ^
/home/rajkumar/Documents/viewhr/app/views/interviews/_form.html.erb:35: syntax error, unexpected kENSURE, expecting ')'
/home/rajkumar/Documents/viewhr/app/views/interviews/_form.html.erb:37: syntax error, unexpected kEND, expecting ')'):
    13: 
    14:   <div class="field">
    15:     <%= f.label :applicant %><br />
    16:     <%= f.collection_select :applicant_id, Applicant.all, :id, :name {:prompt => "Select Applicant"} %>
    17:   </div>
    18:   <div class="field">
    19:     <%= f.label :mandate %><br />
  app/views/interviews/_form.html.erb:37:in `compile'
  app/views/interviews/new.html.erb:3:in `_app_views_interviews_new_html_erb__118271368__618375338_0'
  app/controllers/interviews_controller.rb:29:in `new'

Rendered /usr/lib/ruby/gems/1.8/gems/actionpack-3.0.5/lib/action_dispatch/middleware/templates/rescues/_trace.erb (19.5ms)
Rendered /usr/lib/ruby/gems/1.8/gems/actionpack-3.0.5/lib/action_dispatch/middleware/templates/rescues/_request_and_response.erb (64.4ms)
Rendered /usr/lib/ruby/gems/1.8/gems/actionpack-3.0.5/lib/action_dispatch/middleware/templates/rescues/template_error.erb within rescues/layout (144.0ms)


Started GET "/interviews/new" for 127.0.0.1 at Fri Mar 11 16:22:37 +0530 2011
  Processing by InterviewsController#new as HTML
  [1m[36mApplicant Load (11.0ms)[0m  [1mSELECT `applicants`.* FROM `applicants`[0m
  [1m[35mMandate Load (3.8ms)[0m  SELECT `mandates`.* FROM `mandates`
Rendered interviews/_form.html.erb (523.2ms)
Rendered interviews/new.html.erb within layouts/application (562.7ms)
Completed 200 OK in 668ms (Views: 577.0ms | ActiveRecord: 14.8ms)


Started POST "/interviews" for 127.0.0.1 at Fri Mar 11 16:39:41 +0530 2011
  Processing by InterviewsController#create as HTML
  Parameters: {"commit"=>"Create Interview", "interview"=>{"mandate_id"=>"2", "date_of_conducting(3i)"=>"11", "applicant_id"=>"1", "date_of_conducting(1i)"=>"2011", "description"=>"", "date_of_conducting(2i)"=>"3"}, "authenticity_token"=>"Dmja2WTESIR73HVJTGjoSIkcsWGb++pWJvVyrISsgoQ=", "utf8"=>"✓"}
  [1m[36mSQL (0.6ms)[0m  [1mBEGIN[0m
  [1m[35mSQL (17.7ms)[0m  describe `interviews`
  [1m[36mAREL (1.3ms)[0m  [1mINSERT INTO `interviews` (`applicant_id`, `mandate_id`, `date_of_conducting`, `updated_at`, `description`, `created_at`) VALUES (1, 2, '2011-03-11', '2011-03-11 11:09:42', '', '2011-03-11 11:09:42')[0m
  [1m[35mSQL (5.1ms)[0m  COMMIT
Redirected to http://localhost:3000/interviews/1
Completed 302 Found in 207ms


Started GET "/interviews/1" for 127.0.0.1 at Fri Mar 11 16:39:42 +0530 2011
  Processing by InterviewsController#show as HTML
  Parameters: {"id"=>"1"}
  [1m[36mInterview Load (11.8ms)[0m  [1mSELECT `interviews`.* FROM `interviews` WHERE `interviews`.`id` = 1 LIMIT 1[0m
  [1m[35mApplicant Load (1.5ms)[0m  SELECT `applicants`.* FROM `applicants` WHERE `applicants`.`id` = 1 LIMIT 1
  [1m[36mMandate Load (1.5ms)[0m  [1mSELECT `mandates`.* FROM `mandates` WHERE `mandates`.`id` = 2 LIMIT 1[0m
Rendered interviews/show.html.erb within layouts/application (459.2ms)
Completed 200 OK in 568ms (Views: 484.8ms | ActiveRecord: 39.4ms)


Started GET "/interviews" for 127.0.0.1 at Fri Mar 11 16:39:46 +0530 2011
  Processing by InterviewsController#index as HTML
  [1m[35mInterview Load (1.6ms)[0m  SELECT `interviews`.* FROM `interviews`
  [1m[36mApplicant Load (0.8ms)[0m  [1mSELECT `applicants`.* FROM `applicants` WHERE `applicants`.`id` = 1 LIMIT 1[0m
  [1m[35mMandate Load (0.9ms)[0m  SELECT `mandates`.* FROM `mandates` WHERE `mandates`.`id` = 2 LIMIT 1
Rendered interviews/index.html.erb within layouts/application (522.0ms)
Completed 200 OK in 943ms (Views: 563.2ms | ActiveRecord: 3.3ms)


Started GET "/interviews/new" for 127.0.0.1 at Fri Mar 11 16:39:53 +0530 2011
  Processing by InterviewsController#new as HTML
  [1m[36mApplicant Load (0.7ms)[0m  [1mSELECT `applicants`.* FROM `applicants`[0m
  [1m[35mMandate Load (3.6ms)[0m  SELECT `mandates`.* FROM `mandates`
Rendered interviews/_form.html.erb (508.9ms)
Rendered interviews/new.html.erb within layouts/application (552.1ms)
Completed 200 OK in 649ms (Views: 578.5ms | ActiveRecord: 4.3ms)


Started POST "/interviews" for 127.0.0.1 at Fri Mar 11 16:40:18 +0530 2011
  Processing by InterviewsController#create as HTML
  Parameters: {"commit"=>"Create Interview", "interview"=>{"mandate_id"=>"2", "date_of_conducting(3i)"=>"17", "applicant_id"=>"2", "date_of_conducting(1i)"=>"2011", "description"=>"", "date_of_conducting(2i)"=>"6"}, "authenticity_token"=>"Dmja2WTESIR73HVJTGjoSIkcsWGb++pWJvVyrISsgoQ=", "utf8"=>"✓"}
  [1m[36mSQL (0.5ms)[0m  [1mBEGIN[0m
  [1m[35mSQL (5.3ms)[0m  describe `interviews`
  [1m[36mAREL (11.5ms)[0m  [1mINSERT INTO `interviews` (`mandate_id`, `applicant_id`, `updated_at`, `description`, `created_at`, `date_of_conducting`) VALUES (2, 2, '2011-03-11 11:10:19', '', '2011-03-11 11:10:19', '2011-06-17')[0m
  [1m[35mSQL (4.2ms)[0m  COMMIT
Redirected to http://localhost:3000/interviews/2
Completed 302 Found in 194ms


Started GET "/interviews/2" for 127.0.0.1 at Fri Mar 11 16:40:19 +0530 2011
  Processing by InterviewsController#show as HTML
  Parameters: {"id"=>"2"}
  [1m[36mInterview Load (9.3ms)[0m  [1mSELECT `interviews`.* FROM `interviews` WHERE `interviews`.`id` = 2 LIMIT 1[0m
  [1m[35mApplicant Load (1.4ms)[0m  SELECT `applicants`.* FROM `applicants` WHERE `applicants`.`id` = 2 LIMIT 1
  [1m[36mMandate Load (1.3ms)[0m  [1mSELECT `mandates`.* FROM `mandates` WHERE `mandates`.`id` = 2 LIMIT 1[0m
Rendered interviews/show.html.erb within layouts/application (454.5ms)
Completed 200 OK in 570ms (Views: 481.3ms | ActiveRecord: 33.6ms)


Started GET "/interviews" for 127.0.0.1 at Fri Mar 11 16:44:41 +0530 2011
  Processing by InterviewsController#index as HTML
  [1m[35mInterview Load (4.0ms)[0m  SELECT `interviews`.* FROM `interviews`
  [1m[36mApplicant Load (0.6ms)[0m  [1mSELECT `applicants`.* FROM `applicants` WHERE `applicants`.`id` = 1 LIMIT 1[0m
  [1m[35mMandate Load (2.6ms)[0m  SELECT `mandates`.* FROM `mandates` WHERE `mandates`.`id` = 2 LIMIT 1
  [1m[36mApplicant Load (2.0ms)[0m  [1mSELECT `applicants`.* FROM `applicants` WHERE `applicants`.`id` = 2 LIMIT 1[0m
  [1m[35mCACHE (0.0ms)[0m  SELECT `mandates`.* FROM `mandates` WHERE `mandates`.`id` = 2 LIMIT 1
Rendered interviews/index.html.erb within layouts/application (490.1ms)
Completed 200 OK in 588ms (Views: 514.9ms | ActiveRecord: 9.2ms)


Started GET "/stylesheets/application.css" for 127.0.0.1 at Fri Mar 11 16:44:42 +0530 2011

ActionController::RoutingError (No route matches "/stylesheets/application.css"):
  

Rendered /usr/lib/ruby/gems/1.8/gems/actionpack-3.0.5/lib/action_dispatch/middleware/templates/rescues/routing_error.erb within rescues/layout (469.9ms)


Started GET "/interviews/new" for 127.0.0.1 at Fri Mar 11 16:44:46 +0530 2011
  Processing by InterviewsController#new as HTML
  [1m[36mApplicant Load (0.8ms)[0m  [1mSELECT `applicants`.* FROM `applicants`[0m
  [1m[35mMandate Load (0.7ms)[0m  SELECT `mandates`.* FROM `mandates`
Rendered interviews/_form.html.erb (764.6ms)
Rendered interviews/new.html.erb within layouts/application (808.4ms)
Completed 200 OK in 924ms (Views: 846.5ms | ActiveRecord: 1.4ms)


Started GET "/stylesheets/application.css" for 127.0.0.1 at Fri Mar 11 16:44:47 +0530 2011

ActionController::RoutingError (No route matches "/stylesheets/application.css"):
  

Rendered /usr/lib/ruby/gems/1.8/gems/actionpack-3.0.5/lib/action_dispatch/middleware/templates/rescues/routing_error.erb within rescues/layout (5.8ms)


Started GET "/interviews/new" for 127.0.0.1 at Fri Mar 11 16:47:14 +0530 2011
  Processing by InterviewsController#new as HTML
  [1m[36mApplicant Load (1.9ms)[0m  [1mSELECT `applicants`.* FROM `applicants`[0m
  [1m[35mMandate Load (0.7ms)[0m  SELECT `mandates`.* FROM `mandates`
Rendered interviews/_form.html.erb (789.7ms)
Rendered interviews/new.html.erb within layouts/application (823.3ms)
Completed 200 OK in 944ms (Views: 863.9ms | ActiveRecord: 2.5ms)


Started GET "/stylesheets/application.css" for 127.0.0.1 at Fri Mar 11 16:47:16 +0530 2011

ActionController::RoutingError (No route matches "/stylesheets/application.css"):
  

Rendered /usr/lib/ruby/gems/1.8/gems/actionpack-3.0.5/lib/action_dispatch/middleware/templates/rescues/routing_error.erb within rescues/layout (24.1ms)


Started GET "/interviews/new" for 127.0.0.1 at Fri Mar 11 16:47:36 +0530 2011
  Processing by InterviewsController#new as HTML
  [1m[36mApplicant Load (0.7ms)[0m  [1mSELECT `applicants`.* FROM `applicants`[0m
  [1m[35mMandate Load (0.6ms)[0m  SELECT `mandates`.* FROM `mandates`
Rendered interviews/_form.html.erb (686.7ms)
Rendered interviews/new.html.erb within layouts/application (727.5ms)
Completed 200 OK in 828ms (Views: 749.3ms | ActiveRecord: 1.4ms)


Started GET "/stylesheets/application.css" for 127.0.0.1 at Fri Mar 11 16:47:37 +0530 2011

ActionController::RoutingError (No route matches "/stylesheets/application.css"):
  

Rendered /usr/lib/ruby/gems/1.8/gems/actionpack-3.0.5/lib/action_dispatch/middleware/templates/rescues/routing_error.erb within rescues/layout (547.3ms)


Started GET "/interviews/new" for 127.0.0.1 at Fri Mar 11 16:49:23 +0530 2011
  Processing by InterviewsController#new as HTML
  [1m[36mApplicant Load (0.7ms)[0m  [1mSELECT `applicants`.* FROM `applicants`[0m
  [1m[35mMandate Load (0.6ms)[0m  SELECT `mandates`.* FROM `mandates`
Rendered interviews/_form.html.erb (498.9ms)
Rendered interviews/new.html.erb within layouts/application (533.6ms)
Completed 200 OK in 629ms (Views: 555.8ms | ActiveRecord: 1.3ms)


Started GET "/stylesheets/application.css" for 127.0.0.1 at Fri Mar 11 16:49:24 +0530 2011

ActionController::RoutingError (No route matches "/stylesheets/application.css"):
  

Rendered /usr/lib/ruby/gems/1.8/gems/actionpack-3.0.5/lib/action_dispatch/middleware/templates/rescues/routing_error.erb within rescues/layout (31.8ms)


Started GET "/interviews/new" for 127.0.0.1 at Fri Mar 11 16:53:15 +0530 2011
  Processing by InterviewsController#new as HTML
  [1m[36mApplicant Load (0.9ms)[0m  [1mSELECT `applicants`.* FROM `applicants`[0m
  [1m[35mMandate Load (9.0ms)[0m  SELECT `mandates`.* FROM `mandates`
Rendered interviews/_form.html.erb (1242.3ms)
Rendered interviews/new.html.erb within layouts/application (1269.5ms)
Completed 200 OK in 1412ms (Views: 1298.4ms | ActiveRecord: 9.9ms)


Started GET "/stylesheets/application.css" for 127.0.0.1 at Fri Mar 11 16:53:17 +0530 2011

ActionController::RoutingError (No route matches "/stylesheets/application.css"):
  

Rendered /usr/lib/ruby/gems/1.8/gems/actionpack-3.0.5/lib/action_dispatch/middleware/templates/rescues/routing_error.erb within rescues/layout (16.3ms)


Started GET "/interviews/new" for 127.0.0.1 at Fri Mar 11 16:58:32 +0530 2011
  Processing by InterviewsController#new as HTML
  [1m[36mApplicant Load (12.9ms)[0m  [1mSELECT `applicants`.* FROM `applicants`[0m
  [1m[35mMandate Load (0.6ms)[0m  SELECT `mandates`.* FROM `mandates`
Rendered interviews/_form.html.erb (733.7ms)
Rendered interviews/new.html.erb within layouts/application (796.4ms)
Completed 200 OK in 938ms (Views: 824.0ms | ActiveRecord: 13.5ms)


Started GET "/stylesheets/application.css" for 127.0.0.1 at Fri Mar 11 16:58:33 +0530 2011

ActionController::RoutingError (No route matches "/stylesheets/application.css"):
  

Rendered /usr/lib/ruby/gems/1.8/gems/actionpack-3.0.5/lib/action_dispatch/middleware/templates/rescues/routing_error.erb within rescues/layout (19.6ms)


Started GET "/interviews/new" for 127.0.0.1 at Fri Mar 11 16:59:48 +0530 2011
  Processing by InterviewsController#new as HTML
  [1m[36mApplicant Load (0.7ms)[0m  [1mSELECT `applicants`.* FROM `applicants`[0m
  [1m[35mMandate Load (9.2ms)[0m  SELECT `mandates`.* FROM `mandates`
Rendered interviews/_form.html.erb (690.9ms)
Rendered interviews/new.html.erb within layouts/application (748.1ms)
Completed 200 OK in 909ms (Views: 794.8ms | ActiveRecord: 9.8ms)


Started GET "/stylesheets/application.css" for 127.0.0.1 at Fri Mar 11 16:59:50 +0530 2011

ActionController::RoutingError (No route matches "/stylesheets/application.css"):
  

Rendered /usr/lib/ruby/gems/1.8/gems/actionpack-3.0.5/lib/action_dispatch/middleware/templates/rescues/routing_error.erb within rescues/layout (24.3ms)


Started GET "/applicants" for 127.0.0.1 at Fri Mar 11 17:00:36 +0530 2011
  Processing by ApplicantsController#index as HTML
  [1m[36mApplicant Load (4.8ms)[0m  [1mSELECT `applicants`.* FROM `applicants`[0m
Rendered applicants/index.html.erb within layouts/application (304.4ms)
Completed 200 OK in 524ms (Views: 370.1ms | ActiveRecord: 4.8ms)


Started GET "/stylesheets/application.css" for 127.0.0.1 at Fri Mar 11 17:00:37 +0530 2011

ActionController::RoutingError (No route matches "/stylesheets/application.css"):
  

Rendered /usr/lib/ruby/gems/1.8/gems/actionpack-3.0.5/lib/action_dispatch/middleware/templates/rescues/routing_error.erb within rescues/layout (17.3ms)


Started GET "/applicants/new" for 127.0.0.1 at Fri Mar 11 17:00:44 +0530 2011
  Processing by ApplicantsController#new as HTML
Rendered applicants/_form.html.erb (347.4ms)
Rendered applicants/new.html.erb within layouts/application (382.2ms)
Completed 200 OK in 592ms (Views: 457.0ms | ActiveRecord: 0.0ms)


Started GET "/stylesheets/application.css" for 127.0.0.1 at Fri Mar 11 17:00:45 +0530 2011

ActionController::RoutingError (No route matches "/stylesheets/application.css"):
  

Rendered /usr/lib/ruby/gems/1.8/gems/actionpack-3.0.5/lib/action_dispatch/middleware/templates/rescues/routing_error.erb within rescues/layout (20.1ms)


Started GET "/mandates" for 127.0.0.1 at Fri Mar 11 17:01:16 +0530 2011
  Processing by MandatesController#index as HTML
  [1m[35mMandate Load (0.7ms)[0m  SELECT `mandates`.* FROM `mandates`
Rendered mandates/index.html.erb within layouts/application (238.8ms)
Completed 200 OK in 395ms (Views: 266.0ms | ActiveRecord: 0.7ms)


Started GET "/stylesheets/application.css" for 127.0.0.1 at Fri Mar 11 17:01:17 +0530 2011

ActionController::RoutingError (No route matches "/stylesheets/application.css"):
  

Rendered /usr/lib/ruby/gems/1.8/gems/actionpack-3.0.5/lib/action_dispatch/middleware/templates/rescues/routing_error.erb within rescues/layout (22.6ms)


Started GET "/interviews" for 127.0.0.1 at Fri Mar 11 17:01:32 +0530 2011
  Processing by InterviewsController#index as HTML
  [1m[36mInterview Load (2.6ms)[0m  [1mSELECT `interviews`.* FROM `interviews`[0m
  [1m[35mApplicant Load (0.6ms)[0m  SELECT `applicants`.* FROM `applicants` WHERE `applicants`.`id` = 1 LIMIT 1
  [1m[36mMandate Load (1.0ms)[0m  [1mSELECT `mandates`.* FROM `mandates` WHERE `mandates`.`id` = 2 LIMIT 1[0m
  [1m[35mApplicant Load (0.6ms)[0m  SELECT `applicants`.* FROM `applicants` WHERE `applicants`.`id` = 2 LIMIT 1
  [1m[36mCACHE (0.0ms)[0m  [1mSELECT `mandates`.* FROM `mandates` WHERE `mandates`.`id` = 2 LIMIT 1[0m
Rendered interviews/index.html.erb within layouts/application (1279.8ms)
Completed 200 OK in 1415ms (Views: 1322.6ms | ActiveRecord: 4.8ms)


Started GET "/stylesheets/application.css" for 127.0.0.1 at Fri Mar 11 17:01:34 +0530 2011

ActionController::RoutingError (No route matches "/stylesheets/application.css"):
  

Rendered /usr/lib/ruby/gems/1.8/gems/actionpack-3.0.5/lib/action_dispatch/middleware/templates/rescues/routing_error.erb within rescues/layout (25.0ms)


Started GET "/interviews/new" for 127.0.0.1 at Fri Mar 11 17:01:38 +0530 2011
  Processing by InterviewsController#new as HTML
  [1m[35mApplicant Load (0.6ms)[0m  SELECT `applicants`.* FROM `applicants`
  [1m[36mMandate Load (11.2ms)[0m  [1mSELECT `mandates`.* FROM `mandates`[0m
Rendered interviews/_form.html.erb (703.3ms)
Rendered interviews/new.html.erb within layouts/application (746.8ms)
Completed 200 OK in 909ms (Views: 774.4ms | ActiveRecord: 11.8ms)


Started GET "/stylesheets/application.css" for 127.0.0.1 at Fri Mar 11 17:01:40 +0530 2011

ActionController::RoutingError (No route matches "/stylesheets/application.css"):
  

Rendered /usr/lib/ruby/gems/1.8/gems/actionpack-3.0.5/lib/action_dispatch/middleware/templates/rescues/routing_error.erb within rescues/layout (19.3ms)


Started GET "/interviews/new" for 127.0.0.1 at Fri Mar 11 17:08:50 +0530 2011
  Processing by InterviewsController#new as HTML
  [1m[35mApplicant Load (7.9ms)[0m  SELECT `applicants`.* FROM `applicants`
  [1m[36mMandate Load (17.8ms)[0m  [1mSELECT `mandates`.* FROM `mandates`[0m
Rendered interviews/_form.html.erb (2097.8ms)
Rendered interviews/new.html.erb within layouts/application (2175.9ms)
Completed 200 OK in 2324ms (Views: 2189.8ms | ActiveRecord: 25.7ms)


Started GET "/interviews/new" for 127.0.0.1 at Fri Mar 11 17:08:52 +0530 2011
  Processing by InterviewsController#new as HTML
  [1m[35mApplicant Load (0.7ms)[0m  SELECT `applicants`.* FROM `applicants`
  [1m[36mMandate Load (9.9ms)[0m  [1mSELECT `mandates`.* FROM `mandates`[0m
Rendered interviews/_form.html.erb (724.7ms)
Rendered interviews/new.html.erb within layouts/application (772.3ms)
Completed 200 OK in 944ms (Views: 815.5ms | ActiveRecord: 10.6ms)


Started GET "/interviews/new" for 127.0.0.1 at Fri Mar 11 17:08:53 +0530 2011
  Processing by InterviewsController#new as HTML
  [1m[35mApplicant Load (0.7ms)[0m  SELECT `applicants`.* FROM `applicants`
  [1m[36mMandate Load (10.9ms)[0m  [1mSELECT `mandates`.* FROM `mandates`[0m
Rendered interviews/_form.html.erb (751.1ms)
Rendered interviews/new.html.erb within layouts/application (808.8ms)
Completed 200 OK in 1000ms (Views: 856.9ms | ActiveRecord: 11.6ms)


Started GET "/stylesheets/application.css" for 127.0.0.1 at Fri Mar 11 17:08:56 +0530 2011

ActionController::RoutingError (No route matches "/stylesheets/application.css"):
  

Rendered /usr/lib/ruby/gems/1.8/gems/actionpack-3.0.5/lib/action_dispatch/middleware/templates/rescues/routing_error.erb within rescues/layout (19.0ms)


Started POST "/interviews" for 127.0.0.1 at Fri Mar 11 17:10:20 +0530 2011
  Processing by InterviewsController#create as HTML
  Parameters: {"commit"=>"Create Interview", "interview"=>{"mandate_id"=>"", "applicant_id"=>"", "date_of_conducting"=>"", "description"=>""}, "authenticity_token"=>"Dmja2WTESIR73HVJTGjoSIkcsWGb++pWJvVyrISsgoQ=", "utf8"=>"✓"}
  [1m[35mSQL (0.6ms)[0m  BEGIN
  [1m[36mSQL (0.6ms)[0m  [1mROLLBACK[0m
  [1m[35mApplicant Load (8.5ms)[0m  SELECT `applicants`.* FROM `applicants`
  [1m[36mMandate Load (0.8ms)[0m  [1mSELECT `mandates`.* FROM `mandates`[0m
Rendered interviews/_form.html.erb (1336.5ms)
Rendered interviews/new.html.erb within layouts/application (1392.0ms)
Completed 200 OK in 1694ms (Views: 1427.6ms | ActiveRecord: 10.4ms)


Started GET "/stylesheets/application.css" for 127.0.0.1 at Fri Mar 11 17:10:23 +0530 2011

ActionController::RoutingError (No route matches "/stylesheets/application.css"):
  

Rendered /usr/lib/ruby/gems/1.8/gems/actionpack-3.0.5/lib/action_dispatch/middleware/templates/rescues/routing_error.erb within rescues/layout (28.0ms)
